{"/Users/zane/playground/pkgdev/format-and-lint/src/cli/cli-spec.mjs": {"path":"/Users/zane/playground/pkgdev/format-and-lint/src/cli/cli-spec.mjs","statementMap":{"0":{"start":{"line":1,"column":17},"end":{"line":51,"column":1}},"1":{"start":{"line":53,"column":16},"end":{"line":110,"column":1}}},"fnMap":{},"branchMap":{},"s":{"0":1,"1":1},"f":{},"b":{},"inputSourceMap":null,"_coverageSchema":"1a1c01bbd47fc00a2c39e90264f33305004495a9","hash":"bcc6a861e181c0d5f98f05acc50907febc24156c"}
,"/Users/zane/playground/pkgdev/format-and-lint/src/cli/fandl.mjs": {"path":"/Users/zane/playground/pkgdev/format-and-lint/src/cli/fandl.mjs","statementMap":{"0":{"start":{"line":10,"column":14},"end":{"line":74,"column":1}},"1":{"start":{"line":11,"column":19},"end":{"line":15,"column":4}},"2":{"start":{"line":16,"column":18},"end":{"line":16,"column":55}},"3":{"start":{"line":18,"column":2},"end":{"line":73,"column":3}},"4":{"start":{"line":19,"column":20},"end":{"line":19,"column":65}},"5":{"start":{"line":27,"column":8},"end":{"line":27,"column":15}},"6":{"start":{"line":29,"column":18},"end":{"line":29,"column":36}},"7":{"start":{"line":31,"column":4},"end":{"line":31,"column":23}},"8":{"start":{"line":33,"column":22},"end":{"line":33,"column":68}},"9":{"start":{"line":36,"column":6},"end":{"line":38,"column":51}},"10":{"start":{"line":41,"column":6},"end":{"line":43,"column":61}},"11":{"start":{"line":46,"column":6},"end":{"line":48,"column":53}},"12":{"start":{"line":50,"column":19},"end":{"line":50,"column":77}},"13":{"start":{"line":52,"column":20},"end":{"line":58,"column":6}},"14":{"start":{"line":65,"column":22},"end":{"line":65,"column":59}},"15":{"start":{"line":66,"column":23},"end":{"line":66,"column":48}},"16":{"start":{"line":68,"column":4},"end":{"line":68,"column":28}},"17":{"start":{"line":70,"column":4},"end":{"line":72,"column":5}},"18":{"start":{"line":71,"column":6},"end":{"line":71,"column":21}},"19":{"start":{"line":76,"column":35},"end":{"line":86,"column":5}},"20":{"start":{"line":77,"column":2},"end":{"line":86,"column":5}},"21":{"start":{"line":83,"column":37},"end":{"line":83,"column":55}},"22":{"start":{"line":88,"column":19},"end":{"line":98,"column":1}},"23":{"start":{"line":89,"column":2},"end":{"line":97,"column":3}},"24":{"start":{"line":93,"column":4},"end":{"line":96,"column":6}}},"fnMap":{"0":{"name":"(anonymous_0)","decl":{"start":{"line":10,"column":14},"end":{"line":10,"column":15}},"loc":{"start":{"line":10,"column":79},"end":{"line":74,"column":1}},"line":10},"1":{"name":"(anonymous_1)","decl":{"start":{"line":76,"column":35},"end":{"line":76,"column":36}},"loc":{"start":{"line":77,"column":2},"end":{"line":86,"column":5}},"line":77},"2":{"name":"(anonymous_2)","decl":{"start":{"line":83,"column":30},"end":{"line":83,"column":31}},"loc":{"start":{"line":83,"column":37},"end":{"line":83,"column":55}},"line":83},"3":{"name":"(anonymous_3)","decl":{"start":{"line":88,"column":19},"end":{"line":88,"column":20}},"loc":{"start":{"line":88,"column":73},"end":{"line":98,"column":1}},"line":88}},"branchMap":{"0":{"loc":{"start":{"line":10,"column":21},"end":{"line":10,"column":74}},"type":"default-arg","locations":[{"start":{"line":10,"column":72},"end":{"line":10,"column":74}}],"line":10},"1":{"loc":{"start":{"line":10,"column":23},"end":{"line":10,"column":42}},"type":"default-arg","locations":[{"start":{"line":10,"column":30},"end":{"line":10,"column":42}}],"line":10},"2":{"loc":{"start":{"line":10,"column":44},"end":{"line":10,"column":67}},"type":"default-arg","locations":[{"start":{"line":10,"column":53},"end":{"line":10,"column":67}}],"line":10},"3":{"loc":{"start":{"line":16,"column":18},"end":{"line":16,"column":55}},"type":"binary-expr","locations":[{"start":{"line":16,"column":18},"end":{"line":16,"column":34}},{"start":{"line":16,"column":38},"end":{"line":16,"column":55}}],"line":16},"4":{"loc":{"start":{"line":18,"column":2},"end":{"line":73,"column":3}},"type":"if","locations":[{"start":{"line":18,"column":2},"end":{"line":73,"column":3}},{"start":{},"end":{}}],"line":18},"5":{"loc":{"start":{"line":18,"column":6},"end":{"line":18,"column":57}},"type":"binary-expr","locations":[{"start":{"line":18,"column":6},"end":{"line":18,"column":35}},{"start":{"line":18,"column":39},"end":{"line":18,"column":57}}],"line":18},"6":{"loc":{"start":{"line":36,"column":6},"end":{"line":38,"column":51}},"type":"cond-expr","locations":[{"start":{"line":37,"column":10},"end":{"line":37,"column":19}},{"start":{"line":38,"column":10},"end":{"line":38,"column":51}}],"line":36},"7":{"loc":{"start":{"line":41,"column":6},"end":{"line":43,"column":61}},"type":"cond-expr","locations":[{"start":{"line":42,"column":10},"end":{"line":42,"column":19}},{"start":{"line":43,"column":10},"end":{"line":43,"column":61}}],"line":41},"8":{"loc":{"start":{"line":46,"column":6},"end":{"line":48,"column":53}},"type":"cond-expr","locations":[{"start":{"line":47,"column":10},"end":{"line":47,"column":19}},{"start":{"line":48,"column":10},"end":{"line":48,"column":53}}],"line":46},"9":{"loc":{"start":{"line":70,"column":4},"end":{"line":72,"column":5}},"type":"if","locations":[{"start":{"line":70,"column":4},"end":{"line":72,"column":5}},{"start":{},"end":{}}],"line":70},"10":{"loc":{"start":{"line":77,"column":2},"end":{"line":86,"column":5}},"type":"cond-expr","locations":[{"start":{"line":78,"column":6},"end":{"line":78,"column":14}},{"start":{"line":79,"column":6},"end":{"line":86,"column":5}}],"line":77},"11":{"loc":{"start":{"line":89,"column":2},"end":{"line":97,"column":3}},"type":"if","locations":[{"start":{"line":89,"column":2},"end":{"line":97,"column":3}},{"start":{},"end":{}}],"line":89},"12":{"loc":{"start":{"line":90,"column":4},"end":{"line":91,"column":47}},"type":"binary-expr","locations":[{"start":{"line":90,"column":4},"end":{"line":90,"column":34}},{"start":{"line":91,"column":7},"end":{"line":91,"column":47}}],"line":90}},"s":{"0":1,"1":2,"2":2,"3":2,"4":2,"5":2,"6":2,"7":2,"8":1,"9":1,"10":1,"11":1,"12":1,"13":1,"14":1,"15":1,"16":1,"17":1,"18":0,"19":1,"20":2,"21":0,"22":1,"23":2,"24":1},"f":{"0":2,"1":2,"2":0,"3":2},"b":{"0":[0],"1":[0],"2":[1],"3":[2,2],"4":[2,0],"5":[2,0],"6":[1,0],"7":[1,0],"8":[1,0],"9":[0,1],"10":[2,0],"11":[1,1],"12":[2,1]},"inputSourceMap":null,"_coverageSchema":"1a1c01bbd47fc00a2c39e90264f33305004495a9","hash":"7cc0b54acb68359a4244eab03da66f2201a233b8"}
,"/Users/zane/playground/pkgdev/format-and-lint/src/cli/lib/process-config-file.mjs": {"path":"/Users/zane/playground/pkgdev/format-and-lint/src/cli/lib/process-config-file.mjs","statementMap":{"0":{"start":{"line":5,"column":26},"end":{"line":22,"column":1}},"1":{"start":{"line":6,"column":20},"end":{"line":6,"column":38}},"2":{"start":{"line":7,"column":2},"end":{"line":21,"column":3}},"3":{"start":{"line":12,"column":21},"end":{"line":12,"column":64}},"4":{"start":{"line":13,"column":17},"end":{"line":13,"column":36}},"5":{"start":{"line":15,"column":4},"end":{"line":15,"column":15}},"6":{"start":{"line":18,"column":19},"end":{"line":18,"column":37}},"7":{"start":{"line":20,"column":4},"end":{"line":20,"column":25}}},"fnMap":{"0":{"name":"(anonymous_0)","decl":{"start":{"line":5,"column":26},"end":{"line":5,"column":27}},"loc":{"start":{"line":5,"column":42},"end":{"line":22,"column":1}},"line":5}},"branchMap":{"0":{"loc":{"start":{"line":7,"column":2},"end":{"line":21,"column":3}},"type":"if","locations":[{"start":{"line":7,"column":2},"end":{"line":21,"column":3}},{"start":{"line":17,"column":7},"end":{"line":21,"column":3}}],"line":7},"1":{"loc":{"start":{"line":8,"column":4},"end":{"line":10,"column":34}},"type":"binary-expr","locations":[{"start":{"line":8,"column":4},"end":{"line":8,"column":31}},{"start":{"line":9,"column":7},"end":{"line":9,"column":33}},{"start":{"line":10,"column":7},"end":{"line":10,"column":34}}],"line":8}},"s":{"0":2,"1":6,"2":6,"3":3,"4":3,"5":3,"6":3,"7":3},"f":{"0":6},"b":{"0":[3,3],"1":[6,5,4]},"inputSourceMap":null,"_coverageSchema":"1a1c01bbd47fc00a2c39e90264f33305004495a9","hash":"db7e3d4e0c3f1df3b0f9e42519e0df8e29c8ac1b"}
,"/Users/zane/playground/pkgdev/format-and-lint/src/lib/format-and-lint.mjs": {"path":"/Users/zane/playground/pkgdev/format-and-lint/src/lib/format-and-lint.mjs","statementMap":{"0":{"start":{"line":10,"column":22},"end":{"line":38,"column":1}},"1":{"start":{"line":18,"column":6},"end":{"line":18,"column":13}},"2":{"start":{"line":19,"column":25},"end":{"line":19,"column":51}},"3":{"start":{"line":21,"column":2},"end":{"line":27,"column":3}},"4":{"start":{"line":22,"column":4},"end":{"line":26,"column":6}},"5":{"start":{"line":29,"column":30},"end":{"line":29,"column":61}},"6":{"start":{"line":30,"column":2},"end":{"line":30,"column":38}},"7":{"start":{"line":31,"column":2},"end":{"line":31,"column":53}},"8":{"start":{"line":33,"column":18},"end":{"line":35,"column":10}},"9":{"start":{"line":34,"column":42},"end":{"line":34,"column":77}},"10":{"start":{"line":37,"column":2},"end":{"line":37,"column":16}},"11":{"start":{"line":40,"column":22},"end":{"line":96,"column":1}},"12":{"start":{"line":51,"column":22},"end":{"line":51,"column":59}},"13":{"start":{"line":52,"column":22},"end":{"line":52,"column":39}},"14":{"start":{"line":54,"column":4},"end":{"line":56,"column":57}},"15":{"start":{"line":57,"column":22},"end":{"line":61,"column":3}},"16":{"start":{"line":65,"column":2},"end":{"line":67,"column":3}},"17":{"start":{"line":66,"column":4},"end":{"line":66,"column":42}},"18":{"start":{"line":68,"column":24},"end":{"line":68,"column":45}},"19":{"start":{"line":70,"column":2},"end":{"line":93,"column":3}},"20":{"start":{"line":75,"column":21},"end":{"line":75,"column":25}},"21":{"start":{"line":76,"column":4},"end":{"line":89,"column":5}},"22":{"start":{"line":77,"column":6},"end":{"line":82,"column":7}},"23":{"start":{"line":78,"column":8},"end":{"line":81,"column":10}},"24":{"start":{"line":84,"column":20},"end":{"line":84,"column":51}},"25":{"start":{"line":85,"column":6},"end":{"line":87,"column":7}},"26":{"start":{"line":86,"column":8},"end":{"line":86,"column":34}},"27":{"start":{"line":88,"column":6},"end":{"line":88,"column":48}},"28":{"start":{"line":91,"column":23},"end":{"line":91,"column":54}},"29":{"start":{"line":92,"column":4},"end":{"line":92,"column":66}},"30":{"start":{"line":95,"column":2},"end":{"line":95,"column":20}}},"fnMap":{"0":{"name":"(anonymous_0)","decl":{"start":{"line":10,"column":22},"end":{"line":10,"column":23}},"loc":{"start":{"line":10,"column":41},"end":{"line":38,"column":1}},"line":10},"1":{"name":"(anonymous_1)","decl":{"start":{"line":34,"column":32},"end":{"line":34,"column":33}},"loc":{"start":{"line":34,"column":42},"end":{"line":34,"column":77}},"line":34},"2":{"name":"(anonymous_2)","decl":{"start":{"line":40,"column":22},"end":{"line":40,"column":23}},"loc":{"start":{"line":50,"column":5},"end":{"line":96,"column":1}},"line":50}},"branchMap":{"0":{"loc":{"start":{"line":13,"column":4},"end":{"line":13,"column":17}},"type":"default-arg","locations":[{"start":{"line":13,"column":12},"end":{"line":13,"column":17}}],"line":13},"1":{"loc":{"start":{"line":17,"column":4},"end":{"line":17,"column":42}},"type":"default-arg","locations":[{"start":{"line":17,"column":21},"end":{"line":17,"column":42}}],"line":17},"2":{"loc":{"start":{"line":21,"column":2},"end":{"line":27,"column":3}},"type":"if","locations":[{"start":{"line":21,"column":2},"end":{"line":27,"column":3}},{"start":{},"end":{}}],"line":21},"3":{"loc":{"start":{"line":43,"column":4},"end":{"line":43,"column":17}},"type":"default-arg","locations":[{"start":{"line":43,"column":12},"end":{"line":43,"column":17}}],"line":43},"4":{"loc":{"start":{"line":45,"column":4},"end":{"line":45,"column":19}},"type":"default-arg","locations":[{"start":{"line":45,"column":14},"end":{"line":45,"column":19}}],"line":45},"5":{"loc":{"start":{"line":48,"column":4},"end":{"line":48,"column":32}},"type":"default-arg","locations":[{"start":{"line":48,"column":19},"end":{"line":48,"column":32}}],"line":48},"6":{"loc":{"start":{"line":54,"column":4},"end":{"line":56,"column":57}},"type":"cond-expr","locations":[{"start":{"line":55,"column":8},"end":{"line":55,"column":19}},{"start":{"line":56,"column":8},"end":{"line":56,"column":57}}],"line":54},"7":{"loc":{"start":{"line":65,"column":2},"end":{"line":67,"column":3}},"type":"if","locations":[{"start":{"line":65,"column":2},"end":{"line":67,"column":3}},{"start":{},"end":{}}],"line":65},"8":{"loc":{"start":{"line":65,"column":6},"end":{"line":65,"column":75}},"type":"binary-expr","locations":[{"start":{"line":65,"column":6},"end":{"line":65,"column":41}},{"start":{"line":65,"column":45},"end":{"line":65,"column":75}}],"line":65},"9":{"loc":{"start":{"line":70,"column":2},"end":{"line":93,"column":3}},"type":"if","locations":[{"start":{"line":70,"column":2},"end":{"line":93,"column":3}},{"start":{},"end":{}}],"line":70},"10":{"loc":{"start":{"line":71,"column":4},"end":{"line":73,"column":63}},"type":"binary-expr","locations":[{"start":{"line":71,"column":4},"end":{"line":71,"column":18}},{"start":{"line":72,"column":7},"end":{"line":72,"column":23}},{"start":{"line":73,"column":8},"end":{"line":73,"column":35}},{"start":{"line":73,"column":39},"end":{"line":73,"column":62}}],"line":71},"11":{"loc":{"start":{"line":76,"column":4},"end":{"line":89,"column":5}},"type":"if","locations":[{"start":{"line":76,"column":4},"end":{"line":89,"column":5}},{"start":{},"end":{}}],"line":76},"12":{"loc":{"start":{"line":77,"column":6},"end":{"line":82,"column":7}},"type":"if","locations":[{"start":{"line":77,"column":6},"end":{"line":82,"column":7}},{"start":{},"end":{}}],"line":77},"13":{"loc":{"start":{"line":85,"column":6},"end":{"line":87,"column":7}},"type":"if","locations":[{"start":{"line":85,"column":6},"end":{"line":87,"column":7}},{"start":{},"end":{}}],"line":85},"14":{"loc":{"start":{"line":91,"column":23},"end":{"line":91,"column":54}},"type":"binary-expr","locations":[{"start":{"line":91,"column":23},"end":{"line":91,"column":36}},{"start":{"line":91,"column":40},"end":{"line":91,"column":54}}],"line":91}},"s":{"0":2,"1":7,"2":7,"3":7,"4":6,"5":6,"6":6,"7":6,"8":6,"9":6,"10":6,"11":2,"12":6,"13":6,"14":6,"15":6,"16":6,"17":2,"18":6,"19":6,"20":3,"21":3,"22":1,"23":0,"24":1,"25":1,"26":1,"27":1,"28":3,"29":3,"30":6},"f":{"0":7,"1":6,"2":6},"b":{"0":[5],"1":[7],"2":[6,1],"3":[5],"4":[3],"5":[5],"6":[0,6],"7":[2,4],"8":[6,2],"9":[3,3],"10":[6,6,3,0],"11":[1,2],"12":[0,1],"13":[1,0],"14":[3,0]},"inputSourceMap":null,"_coverageSchema":"1a1c01bbd47fc00a2c39e90264f33305004495a9","hash":"af46280949c3b2258daac13d6edd340433d14cb9"}
,"/Users/zane/playground/pkgdev/format-and-lint/src/lib/default-config/eslint.config.mjs": {"path":"/Users/zane/playground/pkgdev/format-and-lint/src/lib/default-config/eslint.config.mjs","statementMap":{"0":{"start":{"line":29,"column":18},"end":{"line":29,"column":57}},"1":{"start":{"line":31,"column":33},"end":{"line":31,"column":77}},"2":{"start":{"line":32,"column":28},"end":{"line":32,"column":69}},"3":{"start":{"line":35,"column":2},"end":{"line":39,"column":17}},"4":{"start":{"line":40,"column":0},"end":{"line":42,"column":1}},"5":{"start":{"line":41,"column":2},"end":{"line":41,"column":54}},"6":{"start":{"line":44,"column":24},"end":{"line":44,"column":77}},"7":{"start":{"line":45,"column":20},"end":{"line":45,"column":47}},"8":{"start":{"line":50,"column":4},"end":{"line":50,"column":15}},"9":{"start":{"line":53,"column":2},"end":{"line":53,"column":73}},"10":{"start":{"line":54,"column":22},"end":{"line":54,"column":61}},"11":{"start":{"line":56,"column":24},"end":{"line":56,"column":61}},"12":{"start":{"line":58,"column":16},"end":{"line":67,"column":1}},"13":{"start":{"line":69,"column":23},"end":{"line":107,"column":1}},"14":{"start":{"line":109,"column":28},"end":{"line":116,"column":1}},"15":{"start":{"line":110,"column":17},"end":{"line":110,"column":36}},"16":{"start":{"line":111,"column":2},"end":{"line":113,"column":3}},"17":{"start":{"line":112,"column":4},"end":{"line":112,"column":42}},"18":{"start":{"line":115,"column":2},"end":{"line":115,"column":15}},"19":{"start":{"line":118,"column":14},"end":{"line":277,"column":1}},"20":{"start":{"line":281,"column":0},"end":{"line":281,"column":29}},"21":{"start":{"line":282,"column":0},"end":{"line":282,"column":27}},"22":{"start":{"line":283,"column":0},"end":{"line":283,"column":28}},"23":{"start":{"line":284,"column":0},"end":{"line":284,"column":24}},"24":{"start":{"line":285,"column":0},"end":{"line":285,"column":19}},"25":{"start":{"line":286,"column":0},"end":{"line":286,"column":33}},"26":{"start":{"line":287,"column":0},"end":{"line":287,"column":27}},"27":{"start":{"line":288,"column":0},"end":{"line":288,"column":34}},"28":{"start":{"line":289,"column":0},"end":{"line":289,"column":34}},"29":{"start":{"line":290,"column":0},"end":{"line":290,"column":43}},"30":{"start":{"line":291,"column":0},"end":{"line":291,"column":44}},"31":{"start":{"line":293,"column":0},"end":{"line":293,"column":27}},"32":{"start":{"line":295,"column":17},"end":{"line":295,"column":40}},"33":{"start":{"line":297,"column":26},"end":{"line":314,"column":1}},"34":{"start":{"line":316,"column":0},"end":{"line":332,"column":1}},"35":{"start":{"line":317,"column":2},"end":{"line":317,"column":63}},"36":{"start":{"line":319,"column":2},"end":{"line":319,"column":61}},"37":{"start":{"line":320,"column":2},"end":{"line":331,"column":4}},"38":{"start":{"line":334,"column":27},"end":{"line":346,"column":1}},"39":{"start":{"line":348,"column":25},"end":{"line":352,"column":1}},"40":{"start":{"line":354,"column":27},"end":{"line":358,"column":1}},"41":{"start":{"line":360,"column":24},"end":{"line":370,"column":1}},"42":{"start":{"line":367,"column":23},"end":{"line":367,"column":60}},"43":{"start":{"line":369,"column":2},"end":{"line":369,"column":21}}},"fnMap":{"0":{"name":"(anonymous_0)","decl":{"start":{"line":109,"column":28},"end":{"line":109,"column":29}},"loc":{"start":{"line":109,"column":42},"end":{"line":116,"column":1}},"line":109},"1":{"name":"(anonymous_1)","decl":{"start":{"line":360,"column":24},"end":{"line":360,"column":25}},"loc":{"start":{"line":366,"column":11},"end":{"line":370,"column":1}},"line":366}},"branchMap":{"0":{"loc":{"start":{"line":35,"column":2},"end":{"line":39,"column":17}},"type":"cond-expr","locations":[{"start":{"line":36,"column":6},"end":{"line":36,"column":30}},{"start":{"line":37,"column":6},"end":{"line":39,"column":17}}],"line":35},"1":{"loc":{"start":{"line":37,"column":6},"end":{"line":39,"column":17}},"type":"cond-expr","locations":[{"start":{"line":38,"column":8},"end":{"line":38,"column":27}},{"start":{"line":39,"column":8},"end":{"line":39,"column":17}}],"line":37},"2":{"loc":{"start":{"line":40,"column":0},"end":{"line":42,"column":1}},"type":"if","locations":[{"start":{"line":40,"column":0},"end":{"line":42,"column":1}},{"start":{},"end":{}}],"line":40},"3":{"loc":{"start":{"line":47,"column":2},"end":{"line":47,"column":19}},"type":"default-arg","locations":[{"start":{"line":47,"column":17},"end":{"line":47,"column":19}}],"line":47},"4":{"loc":{"start":{"line":48,"column":2},"end":{"line":48,"column":22}},"type":"default-arg","locations":[{"start":{"line":48,"column":20},"end":{"line":48,"column":22}}],"line":48},"5":{"loc":{"start":{"line":49,"column":2},"end":{"line":49,"column":27}},"type":"default-arg","locations":[{"start":{"line":49,"column":12},"end":{"line":49,"column":27}}],"line":49},"6":{"loc":{"start":{"line":53,"column":2},"end":{"line":53,"column":73}},"type":"binary-expr","locations":[{"start":{"line":53,"column":2},"end":{"line":53,"column":34}},{"start":{"line":53,"column":38},"end":{"line":53,"column":73}}],"line":53},"7":{"loc":{"start":{"line":54,"column":22},"end":{"line":54,"column":61}},"type":"cond-expr","locations":[{"start":{"line":54,"column":34},"end":{"line":54,"column":56}},{"start":{"line":54,"column":59},"end":{"line":54,"column":61}}],"line":54},"8":{"loc":{"start":{"line":316,"column":0},"end":{"line":332,"column":1}},"type":"if","locations":[{"start":{"line":316,"column":0},"end":{"line":332,"column":1}},{"start":{},"end":{}}],"line":316},"9":{"loc":{"start":{"line":360,"column":25},"end":{"line":366,"column":6}},"type":"default-arg","locations":[{"start":{"line":366,"column":4},"end":{"line":366,"column":6}}],"line":360},"10":{"loc":{"start":{"line":361,"column":2},"end":{"line":361,"column":17}},"type":"default-arg","locations":[{"start":{"line":361,"column":15},"end":{"line":361,"column":17}}],"line":361},"11":{"loc":{"start":{"line":362,"column":2},"end":{"line":362,"column":26}},"type":"default-arg","locations":[{"start":{"line":362,"column":9},"end":{"line":362,"column":26}}],"line":362},"12":{"loc":{"start":{"line":363,"column":2},"end":{"line":363,"column":28}},"type":"default-arg","locations":[{"start":{"line":363,"column":10},"end":{"line":363,"column":28}}],"line":363},"13":{"loc":{"start":{"line":364,"column":2},"end":{"line":364,"column":24}},"type":"default-arg","locations":[{"start":{"line":364,"column":8},"end":{"line":364,"column":24}}],"line":364},"14":{"loc":{"start":{"line":365,"column":2},"end":{"line":365,"column":28}},"type":"default-arg","locations":[{"start":{"line":365,"column":10},"end":{"line":365,"column":28}}],"line":365}},"s":{"0":3,"1":3,"2":3,"3":3,"4":3,"5":0,"6":3,"7":3,"8":3,"9":3,"10":3,"11":3,"12":3,"13":3,"14":3,"15":12,"16":12,"17":36,"18":12,"19":3,"20":3,"21":3,"22":3,"23":3,"24":3,"25":3,"26":3,"27":3,"28":3,"29":3,"30":3,"31":3,"32":3,"33":3,"34":3,"35":3,"36":3,"37":3,"38":3,"39":3,"40":3,"41":3,"42":9,"43":9},"f":{"0":12,"1":9},"b":{"0":[0,3],"1":[3,0],"2":[0,3],"3":[0],"4":[0],"5":[0],"6":[3,3],"7":[0,3],"8":[3,0],"9":[9],"10":[9],"11":[9],"12":[9],"13":[9],"14":[9]},"inputSourceMap":null,"_coverageSchema":"1a1c01bbd47fc00a2c39e90264f33305004495a9","hash":"d84ffaafc5dfd8c58474536bc845341af47938fd"}
,"/Users/zane/playground/pkgdev/format-and-lint/src/lib/default-config/js-extensions.mjs": {"path":"/Users/zane/playground/pkgdev/format-and-lint/src/lib/default-config/js-extensions.mjs","statementMap":{"0":{"start":{"line":1,"column":23},"end":{"line":1,"column":46}},"1":{"start":{"line":2,"column":23},"end":{"line":2,"column":31}},"2":{"start":{"line":3,"column":23},"end":{"line":3,"column":47}},"3":{"start":{"line":4,"column":26},"end":{"line":4,"column":43}},"4":{"start":{"line":5,"column":26},"end":{"line":5,"column":43}},"5":{"start":{"line":6,"column":26},"end":{"line":6,"column":43}}},"fnMap":{},"branchMap":{},"s":{"0":4,"1":4,"2":4,"3":4,"4":4,"5":4},"f":{},"b":{},"inputSourceMap":null,"_coverageSchema":"1a1c01bbd47fc00a2c39e90264f33305004495a9","hash":"c328635dc4cae5e606d08e54fa5649971da99549"}
,"/Users/zane/playground/pkgdev/format-and-lint/src/lib/default-config/prettier.config.mjs": {"path":"/Users/zane/playground/pkgdev/format-and-lint/src/lib/default-config/prettier.config.mjs","statementMap":{"0":{"start":{"line":1,"column":23},"end":{"line":7,"column":1}}},"fnMap":{},"branchMap":{},"s":{"0":2},"f":{},"b":{},"inputSourceMap":null,"_coverageSchema":"1a1c01bbd47fc00a2c39e90264f33305004495a9","hash":"212db1d5dd821f7d1fab32fc6ddf58dea8b7ceac"}
,"/Users/zane/playground/pkgdev/format-and-lint/src/lib/lib/extract-patterns-from-file.mjs": {"path":"/Users/zane/playground/pkgdev/format-and-lint/src/lib/lib/extract-patterns-from-file.mjs","statementMap":{"0":{"start":{"line":3,"column":32},"end":{"line":12,"column":1}},"1":{"start":{"line":4,"column":23},"end":{"line":4,"column":66}},"2":{"start":{"line":6,"column":23},"end":{"line":9,"column":54}},"3":{"start":{"line":8,"column":16},"end":{"line":8,"column":24}},"4":{"start":{"line":9,"column":19},"end":{"line":9,"column":53}},"5":{"start":{"line":11,"column":2},"end":{"line":11,"column":21}}},"fnMap":{"0":{"name":"(anonymous_0)","decl":{"start":{"line":3,"column":32},"end":{"line":3,"column":33}},"loc":{"start":{"line":3,"column":48},"end":{"line":12,"column":1}},"line":3},"1":{"name":"(anonymous_1)","decl":{"start":{"line":8,"column":9},"end":{"line":8,"column":10}},"loc":{"start":{"line":8,"column":16},"end":{"line":8,"column":24}},"line":8},"2":{"name":"(anonymous_2)","decl":{"start":{"line":9,"column":12},"end":{"line":9,"column":13}},"loc":{"start":{"line":9,"column":19},"end":{"line":9,"column":53}},"line":9}},"branchMap":{"0":{"loc":{"start":{"line":9,"column":19},"end":{"line":9,"column":53}},"type":"binary-expr","locations":[{"start":{"line":9,"column":19},"end":{"line":9,"column":31}},{"start":{"line":9,"column":35},"end":{"line":9,"column":53}}],"line":9}},"s":{"0":4,"1":2,"2":2,"3":10,"4":10,"5":2},"f":{"0":2,"1":10,"2":10},"b":{"0":[10,6]},"inputSourceMap":null,"_coverageSchema":"1a1c01bbd47fc00a2c39e90264f33305004495a9","hash":"98a3498aefa30641d70b5f80c94d3ca135710d20"}
,"/Users/zane/playground/pkgdev/format-and-lint/src/lib/lib/get-eslint.mjs": {"path":"/Users/zane/playground/pkgdev/format-and-lint/src/lib/lib/get-eslint.mjs","statementMap":{"0":{"start":{"line":6,"column":18},"end":{"line":32,"column":1}},"1":{"start":{"line":7,"column":2},"end":{"line":12,"column":3}},"2":{"start":{"line":8,"column":4},"end":{"line":11,"column":6}},"3":{"start":{"line":14,"column":2},"end":{"line":16,"column":3}},"4":{"start":{"line":15,"column":4},"end":{"line":15,"column":58}},"5":{"start":{"line":18,"column":2},"end":{"line":31,"column":4}}},"fnMap":{"0":{"name":"(anonymous_0)","decl":{"start":{"line":6,"column":18},"end":{"line":6,"column":19}},"loc":{"start":{"line":6,"column":71},"end":{"line":32,"column":1}},"line":6}},"branchMap":{"0":{"loc":{"start":{"line":7,"column":2},"end":{"line":12,"column":3}},"type":"if","locations":[{"start":{"line":7,"column":2},"end":{"line":12,"column":3}},{"start":{},"end":{}}],"line":7},"1":{"loc":{"start":{"line":7,"column":6},"end":{"line":7,"column":72}},"type":"binary-expr","locations":[{"start":{"line":7,"column":6},"end":{"line":7,"column":32}},{"start":{"line":7,"column":36},"end":{"line":7,"column":72}}],"line":7},"2":{"loc":{"start":{"line":14,"column":2},"end":{"line":16,"column":3}},"type":"if","locations":[{"start":{"line":14,"column":2},"end":{"line":16,"column":3}},{"start":{},"end":{}}],"line":14}},"s":{"0":2,"1":7,"2":1,"3":6,"4":6,"5":6},"f":{"0":7},"b":{"0":[1,6],"1":[7,1],"2":[6,0]},"inputSourceMap":null,"_coverageSchema":"1a1c01bbd47fc00a2c39e90264f33305004495a9","hash":"1fecfd618a3b7ef4759939521da96594a5f42668"}
,"/Users/zane/playground/pkgdev/format-and-lint/src/lib/lib/process-file-patterns.mjs": {"path":"/Users/zane/playground/pkgdev/format-and-lint/src/lib/lib/process-file-patterns.mjs","statementMap":{"0":{"start":{"line":3,"column":28},"end":{"line":14,"column":1}},"1":{"start":{"line":4,"column":19},"end":{"line":4,"column":36}},"2":{"start":{"line":6,"column":22},"end":{"line":6,"column":24}},"3":{"start":{"line":7,"column":2},"end":{"line":9,"column":3}},"4":{"start":{"line":8,"column":4},"end":{"line":8,"column":51}},"5":{"start":{"line":11,"column":2},"end":{"line":11,"column":59}},"6":{"start":{"line":13,"column":2},"end":{"line":13,"column":17}}},"fnMap":{"0":{"name":"(anonymous_0)","decl":{"start":{"line":3,"column":28},"end":{"line":3,"column":29}},"loc":{"start":{"line":3,"column":73},"end":{"line":14,"column":1}},"line":3}},"branchMap":{"0":{"loc":{"start":{"line":3,"column":35},"end":{"line":3,"column":52}},"type":"default-arg","locations":[{"start":{"line":3,"column":50},"end":{"line":3,"column":52}}],"line":3},"1":{"loc":{"start":{"line":3,"column":54},"end":{"line":3,"column":68}},"type":"default-arg","locations":[{"start":{"line":3,"column":66},"end":{"line":3,"column":68}}],"line":3}},"s":{"0":3,"1":12,"2":12,"3":12,"4":1,"5":12,"6":12},"f":{"0":12},"b":{"0":[8],"1":[11]},"inputSourceMap":null,"_coverageSchema":"1a1c01bbd47fc00a2c39e90264f33305004495a9","hash":"16a0a69011668274500503017ab393f1caf53ded"}
,"/Users/zane/playground/pkgdev/format-and-lint/src/lib/lib/process-gitignore.mjs": {"path":"/Users/zane/playground/pkgdev/format-and-lint/src/lib/lib/process-gitignore.mjs","statementMap":{"0":{"start":{"line":4,"column":25},"end":{"line":41,"column":1}},"1":{"start":{"line":5,"column":2},"end":{"line":40,"column":3}},"2":{"start":{"line":6,"column":21},"end":{"line":6,"column":42}},"3":{"start":{"line":8,"column":6},"end":{"line":25,"column":11}},"4":{"start":{"line":10,"column":12},"end":{"line":14,"column":13}},"5":{"start":{"line":11,"column":14},"end":{"line":13,"column":15}},"6":{"start":{"line":17,"column":12},"end":{"line":24,"column":13}},"7":{"start":{"line":18,"column":14},"end":{"line":23,"column":16}},"8":{"start":{"line":26,"column":4},"end":{"line":26,"column":33}},"9":{"start":{"line":28,"column":27},"end":{"line":30,"column":29}},"10":{"start":{"line":29,"column":21},"end":{"line":29,"column":40}},"11":{"start":{"line":30,"column":18},"end":{"line":30,"column":28}},"12":{"start":{"line":32,"column":4},"end":{"line":32,"column":25}},"13":{"start":{"line":35,"column":4},"end":{"line":37,"column":5}},"14":{"start":{"line":36,"column":6},"end":{"line":36,"column":13}},"15":{"start":{"line":39,"column":4},"end":{"line":39,"column":13}}},"fnMap":{"0":{"name":"(anonymous_0)","decl":{"start":{"line":4,"column":25},"end":{"line":4,"column":26}},"loc":{"start":{"line":4,"column":71},"end":{"line":41,"column":1}},"line":4},"1":{"name":"(anonymous_1)","decl":{"start":{"line":9,"column":10},"end":{"line":9,"column":11}},"loc":{"start":{"line":9,"column":23},"end":{"line":15,"column":11}},"line":9},"2":{"name":"(anonymous_2)","decl":{"start":{"line":16,"column":10},"end":{"line":16,"column":11}},"loc":{"start":{"line":16,"column":23},"end":{"line":25,"column":11}},"line":16},"3":{"name":"(anonymous_3)","decl":{"start":{"line":29,"column":14},"end":{"line":29,"column":15}},"loc":{"start":{"line":29,"column":21},"end":{"line":29,"column":40}},"line":29},"4":{"name":"(anonymous_4)","decl":{"start":{"line":30,"column":11},"end":{"line":30,"column":12}},"loc":{"start":{"line":30,"column":18},"end":{"line":30,"column":28}},"line":30}},"branchMap":{"0":{"loc":{"start":{"line":4,"column":28},"end":{"line":4,"column":47}},"type":"default-arg","locations":[{"start":{"line":4,"column":35},"end":{"line":4,"column":47}}],"line":4},"1":{"loc":{"start":{"line":8,"column":6},"end":{"line":25,"column":11}},"type":"cond-expr","locations":[{"start":{"line":9,"column":10},"end":{"line":15,"column":11}},{"start":{"line":16,"column":10},"end":{"line":25,"column":11}}],"line":8},"2":{"loc":{"start":{"line":10,"column":12},"end":{"line":14,"column":13}},"type":"if","locations":[{"start":{"line":10,"column":12},"end":{"line":14,"column":13}},{"start":{},"end":{}}],"line":10},"3":{"loc":{"start":{"line":17,"column":12},"end":{"line":24,"column":13}},"type":"if","locations":[{"start":{"line":17,"column":12},"end":{"line":24,"column":13}},{"start":{},"end":{}}],"line":17},"4":{"loc":{"start":{"line":35,"column":4},"end":{"line":37,"column":5}},"type":"if","locations":[{"start":{"line":35,"column":4},"end":{"line":37,"column":5}},{"start":{},"end":{}}],"line":35}},"s":{"0":3,"1":8,"2":8,"3":8,"4":66,"5":2,"6":11,"7":1,"8":8,"9":7,"10":72,"11":70,"12":7,"13":1,"14":1,"15":0},"f":{"0":8,"1":66,"2":11,"3":72,"4":70},"b":{"0":[5],"1":[6,2],"2":[2,64],"3":[1,10],"4":[1,0]},"inputSourceMap":null,"_coverageSchema":"1a1c01bbd47fc00a2c39e90264f33305004495a9","hash":"591ae98e83d3639c9eff0e79750f72df80d37b92"}
,"/Users/zane/playground/pkgdev/format-and-lint/src/lib/lib/process-package-ignores.mjs": {"path":"/Users/zane/playground/pkgdev/format-and-lint/src/lib/lib/process-package-ignores.mjs","statementMap":{"0":{"start":{"line":3,"column":30},"end":{"line":8,"column":1}},"1":{"start":{"line":4,"column":26},"end":{"line":4,"column":81}},"2":{"start":{"line":5,"column":22},"end":{"line":5,"column":49}},"3":{"start":{"line":7,"column":2},"end":{"line":7,"column":51}}},"fnMap":{"0":{"name":"(anonymous_0)","decl":{"start":{"line":3,"column":30},"end":{"line":3,"column":31}},"loc":{"start":{"line":3,"column":42},"end":{"line":8,"column":1}},"line":3}},"branchMap":{"0":{"loc":{"start":{"line":7,"column":9},"end":{"line":7,"column":51}},"type":"binary-expr","locations":[{"start":{"line":7,"column":9},"end":{"line":7,"column":45}},{"start":{"line":7,"column":49},"end":{"line":7,"column":51}}],"line":7}},"s":{"0":3,"1":6,"2":6,"3":6},"f":{"0":6},"b":{"0":[6,5]},"inputSourceMap":null,"_coverageSchema":"1a1c01bbd47fc00a2c39e90264f33305004495a9","hash":"15a6140a861c5c40d57c95ecfa00107497610572"}
,"/Users/zane/playground/pkgdev/format-and-lint/src/lib/lib/select-files-from-options.mjs": {"path":"/Users/zane/playground/pkgdev/format-and-lint/src/lib/lib/select-files-from-options.mjs","statementMap":{"0":{"start":{"line":12,"column":31},"end":{"line":60,"column":1}},"1":{"start":{"line":21,"column":26},"end":{"line":21,"column":68}},"2":{"start":{"line":22,"column":23},"end":{"line":22,"column":48}},"3":{"start":{"line":24,"column":25},"end":{"line":24,"column":69}},"4":{"start":{"line":25,"column":2},"end":{"line":40,"column":3}},"5":{"start":{"line":26,"column":34},"end":{"line":26,"column":72}},"6":{"start":{"line":27,"column":4},"end":{"line":39,"column":5}},"7":{"start":{"line":27,"column":42},"end":{"line":27,"column":67}},"8":{"start":{"line":28,"column":6},"end":{"line":28,"column":48}},"9":{"start":{"line":30,"column":9},"end":{"line":39,"column":5}},"10":{"start":{"line":31,"column":6},"end":{"line":31,"column":52}},"11":{"start":{"line":34,"column":6},"end":{"line":38,"column":8}},"12":{"start":{"line":42,"column":25},"end":{"line":45,"column":3}},"13":{"start":{"line":46,"column":2},"end":{"line":49,"column":3}},"14":{"start":{"line":47,"column":4},"end":{"line":47,"column":43}},"15":{"start":{"line":48,"column":4},"end":{"line":48,"column":72}},"16":{"start":{"line":50,"column":2},"end":{"line":52,"column":3}},"17":{"start":{"line":51,"column":4},"end":{"line":51,"column":59}},"18":{"start":{"line":54,"column":2},"end":{"line":59,"column":4}}},"fnMap":{"0":{"name":"(anonymous_0)","decl":{"start":{"line":12,"column":31},"end":{"line":12,"column":32}},"loc":{"start":{"line":20,"column":6},"end":{"line":60,"column":1}},"line":20},"1":{"name":"(anonymous_1)","decl":{"start":{"line":27,"column":35},"end":{"line":27,"column":36}},"loc":{"start":{"line":27,"column":42},"end":{"line":27,"column":67}},"line":27}},"branchMap":{"0":{"loc":{"start":{"line":19,"column":2},"end":{"line":19,"column":22}},"type":"default-arg","locations":[{"start":{"line":19,"column":9},"end":{"line":19,"column":22}}],"line":19},"1":{"loc":{"start":{"line":25,"column":2},"end":{"line":40,"column":3}},"type":"if","locations":[{"start":{"line":25,"column":2},"end":{"line":40,"column":3}},{"start":{},"end":{}}],"line":25},"2":{"loc":{"start":{"line":27,"column":4},"end":{"line":39,"column":5}},"type":"if","locations":[{"start":{"line":27,"column":4},"end":{"line":39,"column":5}},{"start":{"line":30,"column":9},"end":{"line":39,"column":5}}],"line":27},"3":{"loc":{"start":{"line":30,"column":9},"end":{"line":39,"column":5}},"type":"if","locations":[{"start":{"line":30,"column":9},"end":{"line":39,"column":5}},{"start":{"line":33,"column":9},"end":{"line":39,"column":5}}],"line":30},"4":{"loc":{"start":{"line":46,"column":2},"end":{"line":49,"column":3}},"type":"if","locations":[{"start":{"line":46,"column":2},"end":{"line":49,"column":3}},{"start":{},"end":{}}],"line":46},"5":{"loc":{"start":{"line":50,"column":2},"end":{"line":52,"column":3}},"type":"if","locations":[{"start":{"line":50,"column":2},"end":{"line":52,"column":3}},{"start":{},"end":{}}],"line":50}},"s":{"0":2,"1":6,"2":6,"3":6,"4":6,"5":3,"6":3,"7":8,"8":1,"9":2,"10":1,"11":1,"12":5,"13":5,"14":5,"15":5,"16":5,"17":5,"18":5},"f":{"0":6,"1":8},"b":{"0":[1],"1":[3,3],"2":[1,2],"3":[1,1],"4":[5,0],"5":[5,0]},"inputSourceMap":null,"_coverageSchema":"1a1c01bbd47fc00a2c39e90264f33305004495a9","hash":"c3551ed4e7b20dc7a32e2053dea71c15e339a588"}
}
